<?xml version="1.0" encoding="utf-8"?><testsuites name="pytest tests"><testsuite name="pytest" errors="0" failures="0" skipped="0" tests="18" time="1.760" timestamp="2026-01-21T19:10:41.743528+00:00" hostname="agent-env-a6ad44d8-fc7e-4c3a-910e-9c688436b404"><testcase classname="tests.test_karnalix_backend.TestHealthCheck" name="test_health_endpoint" time="0.071" /><testcase classname="tests.test_karnalix_backend.TestHealthCheck" name="test_root_endpoint" time="0.043" /><testcase classname="tests.test_karnalix_backend.TestAuthentication" name="test_login_master_admin_success" time="0.073" /><testcase classname="tests.test_karnalix_backend.TestAuthentication" name="test_login_invalid_credentials" time="0.037" /><testcase classname="tests.test_karnalix_backend.TestAuthentication" name="test_login_missing_fields" time="0.044" /><testcase classname="tests.test_karnalix_backend.TestAdminDashboard" name="test_admin_stats_endpoint" time="0.160" /><testcase classname="tests.test_karnalix_backend.TestAdminDashboard" name="test_admin_stats_unauthorized" time="0.036" /><testcase classname="tests.test_karnalix_backend.TestUserManagement" name="test_list_users" time="0.112" /><testcase classname="tests.test_karnalix_backend.TestUserManagement" name="test_list_users_unauthorized" time="0.039" /><testcase classname="tests.test_karnalix_backend.TestUserManagement" name="test_create_user_as_admin" time="0.218" /><testcase classname="tests.test_karnalix_backend.TestGamesManagement" name="test_list_games" time="0.103" /><testcase classname="tests.test_karnalix_backend.TestGamesManagement" name="test_list_game_providers" time="0.104" /><testcase classname="tests.test_karnalix_backend.TestGamesManagement" name="test_get_all_games_admin" time="0.104" /><testcase classname="tests.test_karnalix_backend.TestFinancials" name="test_get_deposits" time="0.104" /><testcase classname="tests.test_karnalix_backend.TestFinancials" name="test_get_withdrawals" time="0.104" /><testcase classname="tests.test_karnalix_backend.TestKYC" name="test_get_pending_kyc" time="0.105" /><testcase classname="tests.test_karnalix_backend.TestSupport" name="test_get_tickets" time="0.105" /><testcase classname="tests.test_karnalix_backend.TestBets" name="test_get_all_bets" time="0.107" /></testsuite></testsuites>