<?xml version="1.0" encoding="utf-8"?><testsuites name="pytest tests"><testsuite name="pytest" errors="0" failures="4" skipped="0" tests="18" time="2.002" timestamp="2026-01-21T19:10:02.213464+00:00" hostname="agent-env-a6ad44d8-fc7e-4c3a-910e-9c688436b404"><testcase classname="tests.test_karnalix_backend.TestHealthCheck" name="test_health_endpoint" time="0.082" /><testcase classname="tests.test_karnalix_backend.TestHealthCheck" name="test_root_endpoint" time="0.044" /><testcase classname="tests.test_karnalix_backend.TestAuthentication" name="test_login_master_admin_success" time="0.074" /><testcase classname="tests.test_karnalix_backend.TestAuthentication" name="test_login_invalid_credentials" time="0.045" /><testcase classname="tests.test_karnalix_backend.TestAuthentication" name="test_login_missing_fields" time="0.044" /><testcase classname="tests.test_karnalix_backend.TestAdminDashboard" name="test_admin_stats_endpoint" time="0.132" /><testcase classname="tests.test_karnalix_backend.TestAdminDashboard" name="test_admin_stats_unauthorized" time="0.045"><failure message="assert 403 == 401&#10; +  where 403 = &lt;Response [403]&gt;.status_code">tests/test_karnalix_backend.py:136: in test_admin_stats_unauthorized
    assert response.status_code == 401
E   assert 403 == 401
E    +  where 403 = &lt;Response [403]&gt;.status_code</failure></testcase><testcase classname="tests.test_karnalix_backend.TestUserManagement" name="test_list_users" time="0.122" /><testcase classname="tests.test_karnalix_backend.TestUserManagement" name="test_list_users_unauthorized" time="0.040"><failure message="assert 403 == 401&#10; +  where 403 = &lt;Response [403]&gt;.status_code">tests/test_karnalix_backend.py:179: in test_list_users_unauthorized
    assert response.status_code == 401
E   assert 403 == 401
E    +  where 403 = &lt;Response [403]&gt;.status_code</failure></testcase><testcase classname="tests.test_karnalix_backend.TestUserManagement" name="test_create_user_as_admin" time="0.227" /><testcase classname="tests.test_karnalix_backend.TestGamesManagement" name="test_list_games" time="0.101" /><testcase classname="tests.test_karnalix_backend.TestGamesManagement" name="test_list_game_providers" time="0.104" /><testcase classname="tests.test_karnalix_backend.TestGamesManagement" name="test_get_all_games_admin" time="0.105" /><testcase classname="tests.test_karnalix_backend.TestFinancials" name="test_get_deposits" time="0.111"><failure message="assert 404 == 200&#10; +  where 404 = &lt;Response [404]&gt;.status_code">tests/test_karnalix_backend.py:306: in test_get_deposits
    assert response.status_code == 200
E   assert 404 == 200
E    +  where 404 = &lt;Response [404]&gt;.status_code</failure></testcase><testcase classname="tests.test_karnalix_backend.TestFinancials" name="test_get_withdrawals" time="0.141"><failure message="assert 404 == 200&#10; +  where 404 = &lt;Response [404]&gt;.status_code">tests/test_karnalix_backend.py:316: in test_get_withdrawals
    assert response.status_code == 200
E   assert 404 == 200
E    +  where 404 = &lt;Response [404]&gt;.status_code</failure></testcase><testcase classname="tests.test_karnalix_backend.TestKYC" name="test_get_pending_kyc" time="0.121" /><testcase classname="tests.test_karnalix_backend.TestSupport" name="test_get_tickets" time="0.112" /><testcase classname="tests.test_karnalix_backend.TestBets" name="test_get_all_bets" time="0.160" /></testsuite></testsuites>